0 info it worked if it ends with ok
1 verbose cli [ 'C:\\Program Files\\nodejs\\node.exe',
1 verbose cli   'C:\\Users\\Daniel\\AppData\\Roaming\\npm\\node_modules\\npm\\bin\\npm-cli.js',
1 verbose cli   'run',
1 verbose cli   'server-dev' ]
2 info using npm@4.0.3
3 info using node@v9.2.0
4 verbose run-script [ 'preserver-dev', 'server-dev', 'postserver-dev' ]
5 info lifecycle mongo-express-react@1.0.0~preserver-dev: mongo-express-react@1.0.0
6 silly lifecycle mongo-express-react@1.0.0~preserver-dev: no script for preserver-dev, continuing
7 info lifecycle mongo-express-react@1.0.0~server-dev: mongo-express-react@1.0.0
8 verbose lifecycle mongo-express-react@1.0.0~server-dev: unsafe-perm in lifecycle true
9 verbose lifecycle mongo-express-react@1.0.0~server-dev: PATH: C:\Users\Daniel\AppData\Roaming\npm\node_modules\npm\bin\node-gyp-bin;E:\Projects\pluralsight-mongo-express-react\node_modules\.bin;C:\Users\Daniel\AppData\Roaming\npm\node_modules\npm\bin\node-gyp-bin;E:\Projects\pluralsight-mongo-express-react\node_modules\.bin;C:\Program Files (x86)\Common Files\Intel\Shared Libraries\redist\intel64\compiler;C:\Program Files (x86)\Common Files\Intel\Shared Libraries\redist\ia32\mpirt;C:\Program Files (x86)\Common Files\Intel\Shared Libraries\redist\ia32\compiler;C:\ProgramData\Oracle\Java\javapath;C:\Windows\system32;C:\Windows;C:\Windows\System32\Wbem;C:\Windows\System32\WindowsPowerShell\v1.0\;C:\Program Files (x86)\Windows Kits\8.1\Windows Performance Toolkit\;C:\Program Files (x86)\GtkSharp\2.12\bin;C:\Program Files\Git\cmd;C:\Program Files (x86)\Skype\Phone\;C:\Program Files\nodejs\;C:\Program Files (x86)\Yarn\bin;C:\Program Files (x86)\NVIDIA Corporation\PhysX\Common;C:\Program Files (x86)\QuickTime\QTSystem\;C:\Users\Daniel\AppData\Roaming\npm\;C:\Users\Daniel\AppData\Local\atom\bin;C:\Program Files\Heroku\bin
10 verbose lifecycle mongo-express-react@1.0.0~server-dev: CWD: E:\Projects\pluralsight-mongo-express-react
11 silly lifecycle mongo-express-react@1.0.0~server-dev: Args: [ '/d /s /c',
11 silly lifecycle   'nodemon src/server --exec babel-node src/server' ]
12 silly lifecycle mongo-express-react@1.0.0~server-dev: Returned: code: 3221225786  signal: null
13 info lifecycle mongo-express-react@1.0.0~server-dev: Failed to exec server-dev script
14 verbose stack Error: mongo-express-react@1.0.0 server-dev: `nodemon src/server --exec babel-node src/server`
14 verbose stack Exit status 3221225786
14 verbose stack     at EventEmitter.<anonymous> (C:\Users\Daniel\AppData\Roaming\npm\node_modules\npm\lib\utils\lifecycle.js:279:16)
14 verbose stack     at EventEmitter.emit (events.js:159:13)
14 verbose stack     at ChildProcess.<anonymous> (C:\Users\Daniel\AppData\Roaming\npm\node_modules\npm\lib\utils\spawn.js:40:14)
14 verbose stack     at ChildProcess.emit (events.js:159:13)
14 verbose stack     at maybeClose (internal/child_process.js:943:16)
14 verbose stack     at Process.ChildProcess._handle.onexit (internal/child_process.js:220:5)
15 verbose pkgid mongo-express-react@1.0.0
16 verbose cwd E:\Projects\pluralsight-mongo-express-react
17 error Windows_NT 6.3.9600
18 error argv "C:\\Program Files\\nodejs\\node.exe" "C:\\Users\\Daniel\\AppData\\Roaming\\npm\\node_modules\\npm\\bin\\npm-cli.js" "run" "server-dev"
19 error node v9.2.0
20 error npm  v4.0.3
21 error code ELIFECYCLE
22 error mongo-express-react@1.0.0 server-dev: `nodemon src/server --exec babel-node src/server`
22 error Exit status 3221225786
23 error Failed at the mongo-express-react@1.0.0 server-dev script 'nodemon src/server --exec babel-node src/server'.
23 error Make sure you have the latest version of node.js and npm installed.
23 error If you do, this is most likely a problem with the mongo-express-react package,
23 error not with npm itself.
23 error Tell the author that this fails on your system:
23 error     nodemon src/server --exec babel-node src/server
23 error You can get information on how to open an issue for this project with:
23 error     npm bugs mongo-express-react
23 error Or if that isn't available, you can get their info via:
23 error     npm owner ls mongo-express-react
23 error There is likely additional logging output above.
24 verbose exit [ 1, true ]
